<?xml version="1.0" encoding="UTF-8"?>
<!-- Generated by org.testng.reporters.JUnitReportReporter -->
<testsuite hostname="Kyogikai" failures="0" tests="3" name="com.mycompany.student.StudentTest" time="0.010" errors="0" timestamp="2025-03-04T21:02:33 GMT+07:00" skipped="0">
  <testcase classname="com.mycompany.student.StudentTest" name="testSetAge" time="0.000"/>
  <testcase classname="com.mycompany.student.StudentTest" name="testUpdateName" time="0.001"/>
  <testcase classname="com.mycompany.student.StudentTest" name="testGetName" time="0.009"/>
</testsuite> <!-- com.mycompany.student.StudentTest -->
